2025-07-30T04:12:27 | touched: hardhat.config.js
2025-06-27T07:02:49 | touched: .env.example
2025-01-11T16:04:31 | touched: hardhat.config.js
2025-10-13T03:54:30 | touched: test/Springboot.test.js
2025-09-24T05:16:51 | touched: LICENSE
2025-07-23T14:05:22 | touched: contracts/Springboot.sol
2025-12-10T10:23:45 | touched: hardhat.config.js
2025-03-11T20:09:45 | touched: LICENSE
2025-10-01T00:59:15 | touched: contracts/Springboot.sol
2025-04-10T22:17:08 | touched: contracts/Springboot.sol
2025-04-11T04:28:52 | touched: test/Springboot.test.js
2025-09-07T20:15:57 | touched: README.md
2025-09-27T11:06:31 | touched: hardhat.config.js
2025-03-16T00:35:12 | touched: hardhat.config.js
2025-12-10T21:29:51 | touched: .env.example
2025-05-19T16:52:14 | touched: .env.example
2025-01-07T06:05:20 | touched: .env.example
2025-12-08T16:55:15 | touched: test/Springboot.test.js
2025-05-15T17:24:49 | touched: LICENSE
2025-12-22T11:33:23 | touched: package.json
2025-05-16T15:32:32 | touched: package.json
2025-01-19T02:20:16 | touched: test/Springboot.test.js
2025-04-01T23:03:45 | touched: LICENSE
2025-02-16T14:08:49 | touched: scripts/deploy.js
2025-10-12T15:18:42 | touched: .env.example
2025-03-18T02:47:27 | touched: contracts/Springboot.sol
